#
# There is insufficient memory for the Java Runtime Environment to continue.
# Native memory allocation (malloc) failed to allocate 1048576 bytes. Error detail: AllocateHeap
# Possible reasons:
#   The system is out of physical RAM or swap space
#   This process is running with CompressedOops enabled, and the Java Heap may be blocking the growth of the native heap
# Possible solutions:
#   Reduce memory load on the system
#   Increase physical memory or swap space
#   Check if swap backing store is full
#   Decrease Java heap size (-Xmx/-Xms)
#   Decrease number of Java threads
#   Decrease Java thread stack sizes (-Xss)
#   Set larger code cache with -XX:ReservedCodeCacheSize=
#   JVM is running with Unscaled Compressed Oops mode in which the Java heap is
#     placed in the first 4GB address space. The Java Heap base address is the
#     maximum limit for the native heap growth. Please use -XX:HeapBaseMinAddress
#     to set the Java Heap base and to place the Java Heap above 4GB virtual address.
# This output file may be truncated or incomplete.
#
#  Out of Memory Error (allocation.cpp:44), pid=1876, tid=8768
#
# JRE version: OpenJDK Runtime Environment Temurin-21.0.10+7 (21.0.10+7) (build 21.0.10+7-LTS)
# Java VM: OpenJDK 64-Bit Server VM Temurin-21.0.10+7 (21.0.10+7-LTS, mixed mode, sharing, tiered, compressed oops, compressed class ptrs, parallel gc, windows-amd64)
# No core dump will be written. Minidumps are not enabled by default on client versions of Windows
#

---------------  S U M M A R Y ------------

Command Line: --add-modules=ALL-SYSTEM --add-opens=java.base/java.util=ALL-UNNAMED --add-opens=java.base/java.lang=ALL-UNNAMED --add-opens=java.base/sun.nio.fs=ALL-UNNAMED -Declipse.application=org.eclipse.jdt.ls.core.id1 -Dosgi.bundles.defaultStartLevel=4 -Declipse.product=org.eclipse.jdt.ls.core.product -Djava.import.generatesMetadataFilesAtProjectRoot=false -DDetectVMInstallationsJob.disabled=true -Dfile.encoding=utf8 -XX:+UseParallelGC -XX:GCTimeRatio=4 -XX:AdaptiveSizePolicyWeight=90 -Dsun.zip.disableMemoryMapping=true -Xmx2G -Xms100m -Xlog:disable -javaagent:c:\Users\Dhiya\.antigravity\extensions\redhat.java-1.53.0-win32-x64\lombok\lombok-1.18.39-4050.jar -XX:+HeapDumpOnOutOfMemoryError -XX:HeapDumpPath=c:\Users\Dhiya\AppData\Roaming\Antigravity\User\workspaceStorage\e5318a306dfc7ca7eca801648065eabc\redhat.java -Daether.dependencyCollector.impl=bf c:\Users\Dhiya\.antigravity\extensions\redhat.java-1.53.0-win32-x64\server\plugins\org.eclipse.equinox.launcher_1.7.100.v20251111-0406.jar -configuration c:\Users\Dhiya\AppData\Roaming\Antigravity\User\globalStorage\redhat.java\1.53.0\config_win -data c:\Users\Dhiya\AppData\Roaming\Antigravity\User\workspaceStorage\e5318a306dfc7ca7eca801648065eabc\redhat.java\jdt_ws --pipe=\\.\pipe\lsp-d7fb93e560c78ef4a3ab159e04193a53-sock

Host: 13th Gen Intel(R) Core(TM) i5-13450HX, 16 cores, 23G,  Windows 11 , 64 bit Build 26100 (10.0.26100.7920)
Time: Fri Mar 27 11:57:48 2026 India Standard Time elapsed time: 1658.510303 seconds (0d 0h 27m 38s)

---------------  T H R E A D  ---------------

Current thread (0x0000021c59f498c0):  JavaThread "Attach Listener" daemon [_thread_in_vm, id=8768, stack(0x00000051cf400000,0x00000051cf500000) (1024K)]

Stack: [0x00000051cf400000,0x00000051cf500000]
Native frames: (J=compiled Java code, j=interpreted, Vv=VM code, C=native code)
V  [jvm.dll+0x6d7a39]
V  [jvm.dll+0x8b4b26]
V  [jvm.dll+0x8b70de]
V  [jvm.dll+0x8b77c3]
V  [jvm.dll+0x284346]
V  [jvm.dll+0xc1277]
V  [jvm.dll+0x6d82e9]
V  [jvm.dll+0x1334a6]
V  [jvm.dll+0x3f857e]
V  [jvm.dll+0x85f59d]
V  [jvm.dll+0x6d626d]
C  [ucrtbase.dll+0x37b0]
C  [KERNEL32.DLL+0x2e8d7]
C  [ntdll.dll+0x8c48c]


---------------  P R O C E S S  ---------------

Threads class SMR info:
_java_thread_list=0x0000021c7e328e70, length=43, elements={
0x0000021c59ea1860, 0x0000021c59f45370, 0x0000021c7094c8c0, 0x0000021c59f4a5e0,
0x0000021c59f498c0, 0x0000021c59f477f0, 0x0000021c59f47160, 0x0000021c59f4e750,
0x0000021c59f5e520, 0x0000021c59f49f50, 0x0000021c59f48510, 0x0000021c59f48ba0,
0x0000021c59f47e80, 0x0000021c59f49230, 0x0000021c736fa380, 0x0000021c736fb0a0,
0x0000021c736faa10, 0x0000021c736fd170, 0x0000021c736fd800, 0x0000021c736fcae0,
0x0000021c736fbdc0, 0x0000021c736fb730, 0x0000021c73700c80, 0x0000021c736ff240,
0x0000021c737005f0, 0x0000021c737019a0, 0x0000021c73701310, 0x0000021c736ff8d0,
0x0000021c736fe520, 0x0000021c736fff60, 0x0000021c7afbf200, 0x0000021c7afbe4e0,
0x0000021c7afbeb70, 0x0000021c7afbcaa0, 0x0000021c7afbf890, 0x0000021c7afbff20,
0x0000021c7afc05b0, 0x0000021c7afbd7c0, 0x0000021c7afbde50, 0x0000021c7afbd130,
0x0000021c7afc1ff0, 0x0000021c7afc3a30, 0x0000021c7cdb0ad0
}

Java Threads: ( => current thread )
  0x0000021c59ea1860 JavaThread "main"                              [_thread_blocked, id=22860, stack(0x00000051ced00000,0x00000051cee00000) (1024K)]
  0x0000021c59f45370 JavaThread "Reference Handler"          daemon [_thread_blocked, id=2752, stack(0x00000051cf100000,0x00000051cf200000) (1024K)]
  0x0000021c7094c8c0 JavaThread "Finalizer"                  daemon [_thread_blocked, id=13920, stack(0x00000051cf200000,0x00000051cf300000) (1024K)]
  0x0000021c59f4a5e0 JavaThread "Signal Dispatcher"          daemon [_thread_blocked, id=10972, stack(0x00000051cf300000,0x00000051cf400000) (1024K)]
=>0x0000021c59f498c0 JavaThread "Attach Listener"            daemon [_thread_in_vm, id=8768, stack(0x00000051cf400000,0x00000051cf500000) (1024K)]
  0x0000021c59f477f0 JavaThread "Service Thread"             daemon [_thread_blocked, id=25432, stack(0x00000051cf500000,0x00000051cf600000) (1024K)]
  0x0000021c59f47160 JavaThread "Monitor Deflation Thread"   daemon [_thread_blocked, id=15156, stack(0x00000051cf600000,0x00000051cf700000) (1024K)]
  0x0000021c59f4e750 JavaThread "C2 CompilerThread0"         daemon [_thread_blocked, id=12724, stack(0x00000051cf700000,0x00000051cf800000) (1024K)]
  0x0000021c59f5e520 JavaThread "C1 CompilerThread0"         daemon [_thread_blocked, id=26960, stack(0x00000051cf800000,0x00000051cf900000) (1024K)]
  0x0000021c59f49f50 JavaThread "Common-Cleaner"             daemon [_thread_blocked, id=19924, stack(0x00000051cfd00000,0x00000051cfe00000) (1024K)]
  0x0000021c59f48510 JavaThread "Notification Thread"        daemon [_thread_blocked, id=15452, stack(0x00000051cfe00000,0x00000051cff00000) (1024K)]
  0x0000021c59f48ba0 JavaThread "Active Thread: Equinox Container: 8fb0ab28-e30a-48a4-ae0e-9126b6120e0f"        [_thread_blocked, id=26288, stack(0x00000051d0700000,0x00000051d0800000) (1024K)]
  0x0000021c59f47e80 JavaThread "Refresh Thread: Equinox Container: 8fb0ab28-e30a-48a4-ae0e-9126b6120e0f" daemon [_thread_blocked, id=3720, stack(0x00000051cf900000,0x00000051cfa00000) (1024K)]
  0x0000021c59f49230 JavaThread "Framework Event Dispatcher: Equinox Container: 8fb0ab28-e30a-48a4-ae0e-9126b6120e0f" daemon [_thread_blocked, id=3296, stack(0x00000051cfb00000,0x00000051cfc00000) (1024K)]
  0x0000021c736fa380 JavaThread "Start Level: Equinox Container: 8fb0ab28-e30a-48a4-ae0e-9126b6120e0f" daemon [_thread_blocked, id=27520, stack(0x00000051cfc00000,0x00000051cfd00000) (1024K)]
  0x0000021c736fb0a0 JavaThread "Bundle File Closer"         daemon [_thread_blocked, id=11160, stack(0x00000051d0a00000,0x00000051d0b00000) (1024K)]
  0x0000021c736faa10 JavaThread "SCR Component Actor"        daemon [_thread_blocked, id=16640, stack(0x00000051d0b00000,0x00000051d0c00000) (1024K)]
  0x0000021c736fd170 JavaThread "Worker-JM"                         [_thread_blocked, id=29632, stack(0x00000051d1000000,0x00000051d1100000) (1024K)]
  0x0000021c736fd800 JavaThread "JNA Cleaner"                daemon [_thread_blocked, id=25040, stack(0x00000051d0c00000,0x00000051d0d00000) (1024K)]
  0x0000021c736fcae0 JavaThread "Java indexing"              daemon [_thread_blocked, id=18912, stack(0x00000051d1600000,0x00000051d1700000) (1024K)]
  0x0000021c736fbdc0 JavaThread "Worker-2"                          [_thread_blocked, id=1948, stack(0x00000051d1900000,0x00000051d1a00000) (1024K)]
  0x0000021c736fb730 JavaThread "Thread-1"                   daemon [_thread_in_native, id=5452, stack(0x00000051d1d00000,0x00000051d1e00000) (1024K)]
  0x0000021c73700c80 JavaThread "Thread-2"                   daemon [_thread_in_native, id=28884, stack(0x00000051d1e00000,0x00000051d1f00000) (1024K)]
  0x0000021c736ff240 JavaThread "Thread-3"                   daemon [_thread_in_native, id=3096, stack(0x00000051d1f00000,0x00000051d2000000) (1024K)]
  0x0000021c737005f0 JavaThread "Thread-4"                   daemon [_thread_in_native, id=14004, stack(0x00000051d2000000,0x00000051d2100000) (1024K)]
  0x0000021c737019a0 JavaThread "Thread-5"                   daemon [_thread_in_native, id=15668, stack(0x00000051d2100000,0x00000051d2200000) (1024K)]
  0x0000021c73701310 JavaThread "Thread-6"                   daemon [_thread_in_native, id=13128, stack(0x00000051d2200000,0x00000051d2300000) (1024K)]
  0x0000021c736ff8d0 JavaThread "Thread-7"                   daemon [_thread_in_native, id=15380, stack(0x00000051d2300000,0x00000051d2400000) (1024K)]
  0x0000021c736fe520 JavaThread "Thread-8"                   daemon [_thread_in_native, id=9508, stack(0x00000051d2400000,0x00000051d2500000) (1024K)]
  0x0000021c736fff60 JavaThread "Thread-9"                   daemon [_thread_in_native, id=14528, stack(0x00000051d2500000,0x00000051d2600000) (1024K)]
  0x0000021c7afbf200 JavaThread "Thread-10"                  daemon [_thread_in_native, id=2748, stack(0x00000051d2600000,0x00000051d2700000) (1024K)]
  0x0000021c7afbe4e0 JavaThread "Thread-11"                  daemon [_thread_in_native, id=17864, stack(0x00000051d2700000,0x00000051d2800000) (1024K)]
  0x0000021c7afbeb70 JavaThread "Thread-12"                  daemon [_thread_in_native, id=12280, stack(0x00000051d2800000,0x00000051d2900000) (1024K)]
  0x0000021c7afbcaa0 JavaThread "Thread-13"                  daemon [_thread_in_native, id=26260, stack(0x00000051d2900000,0x00000051d2a00000) (1024K)]
  0x0000021c7afbf890 JavaThread "Thread-14"                  daemon [_thread_in_native, id=26816, stack(0x00000051d2a00000,0x00000051d2b00000) (1024K)]
  0x0000021c7afbff20 JavaThread "Thread-15"                  daemon [_thread_in_native, id=15476, stack(0x00000051d2b00000,0x00000051d2c00000) (1024K)]
  0x0000021c7afc05b0 JavaThread "Thread-16"                  daemon [_thread_in_native, id=20620, stack(0x00000051d2c00000,0x00000051d2d00000) (1024K)]
  0x0000021c7afbd7c0 JavaThread "Thread-17"                  daemon [_thread_in_native, id=27468, stack(0x00000051d2d00000,0x00000051d2e00000) (1024K)]
  0x0000021c7afbde50 JavaThread "pool-2-thread-1"                   [_thread_blocked, id=21704, stack(0x00000051d2e00000,0x00000051d2f00000) (1024K)]
  0x0000021c7afbd130 JavaThread "Worker-4"                          [_thread_blocked, id=13028, stack(0x00000051d3200000,0x00000051d3300000) (1024K)]
  0x0000021c7afc1ff0 JavaThread "WorkspaceEventsHandler"            [_thread_blocked, id=20700, stack(0x00000051d3400000,0x00000051d3500000) (1024K)]
  0x0000021c7afc3a30 JavaThread "pool-1-thread-1"                   [_thread_blocked, id=13976, stack(0x00000051d3500000,0x00000051d3600000) (1024K)]
  0x0000021c7cdb0ad0 JavaThread "Timer-0"                           [_thread_blocked, id=4300, stack(0x00000051d0f00000,0x00000051d1000000) (1024K)]
Total: 43

Other Threads:
  0x0000021c59f40930 VMThread "VM Thread"                           [id=16388, stack(0x00000051cf000000,0x00000051cf100000) (1024K)]
  0x0000021c7082ca00 WatcherThread "VM Periodic Task Thread"        [id=15524, stack(0x00000051cef00000,0x00000051cf000000) (1024K)]
  0x0000021c59ec0f50 WorkerThread "GC Thread#0"                     [id=20012, stack(0x00000051cee00000,0x00000051cef00000) (1024K)]
  0x0000021c739d01e0 WorkerThread "GC Thread#1"                     [id=20076, stack(0x00000051d0000000,0x00000051d0100000) (1024K)]
  0x0000021c73da04f0 WorkerThread "GC Thread#2"                     [id=21816, stack(0x00000051d0100000,0x00000051d0200000) (1024K)]
  0x0000021c737fe250 WorkerThread "GC Thread#3"                     [id=15092, stack(0x00000051d0200000,0x00000051d0300000) (1024K)]
  0x0000021c737fe600 WorkerThread "GC Thread#4"                     [id=28360, stack(0x00000051d0300000,0x00000051d0400000) (1024K)]
  0x0000021c737fe9b0 WorkerThread "GC Thread#5"                     [id=6120, stack(0x00000051d0400000,0x00000051d0500000) (1024K)]
  0x0000021c7814b6f0 WorkerThread "GC Thread#6"                     [id=4352, stack(0x00000051d0500000,0x00000051d0600000) (1024K)]
  0x0000021c783fb040 WorkerThread "GC Thread#7"                     [id=11068, stack(0x00000051d0800000,0x00000051d0900000) (1024K)]
  0x0000021c71e72520 WorkerThread "GC Thread#8"                     [id=20272, stack(0x00000051cff00000,0x00000051d0000000) (1024K)]
  0x0000021c71f64120 WorkerThread "GC Thread#9"                     [id=29572, stack(0x00000051d0600000,0x00000051d0700000) (1024K)]
  0x0000021c71f508b0 WorkerThread "GC Thread#10"                    [id=5100, stack(0x00000051d0900000,0x00000051d0a00000) (1024K)]
  0x0000021c737f2940 WorkerThread "GC Thread#11"                    [id=25200, stack(0x00000051d1100000,0x00000051d1200000) (1024K)]
  0x0000021c737f16d0 WorkerThread "GC Thread#12"                    [id=28068, stack(0x00000051d1200000,0x00000051d1300000) (1024K)]
Total: 15

Threads with active compile tasks:
Total: 0

VM state: not at safepoint (normal execution)

VM Mutex/Monitor currently owned by a thread: None

Heap address: 0x0000000080000000, size: 2048 MB, Compressed Oops mode: 32-bit

CDS archive(s) mapped at: [0x0000021c00000000-0x0000021c00ba0000-0x0000021c00ba0000), size 12189696, SharedBaseAddress: 0x0000021c00000000, ArchiveRelocationMode: 1.
Compressed class space mapped at: 0x0000021c01000000-0x0000021c41000000, reserved size: 1073741824
Narrow klass base: 0x0000021c00000000, Narrow klass shift: 0, Narrow klass range: 0x100000000

GC Precious Log:
 CardTable entry size: 512
 CPUs: 16 total, 16 available
 Memory: 24283M
 Large Page Support: Disabled
 NUMA Support: Disabled
 Compressed Oops: Enabled (32-bit)
 Alignments: Space 512K, Generation 512K, Heap 2M
 Heap Min Capacity: 100M
 Heap Initial Capacity: 100M
 Heap Max Capacity: 2G
 Pre-touch: Disabled
 Parallel Workers: 13

Heap:
 PSYoungGen      total 2560K, used 381K [0x00000000d5580000, 0x00000000d5900000, 0x0000000100000000)
  eden space 2048K, 1% used [0x00000000d5580000,0x00000000d5587638,0x00000000d5780000)
  from space 512K, 68% used [0x00000000d5880000,0x00000000d58d8000,0x00000000d5900000)
  to   space 512K, 0% used [0x00000000d5800000,0x00000000d5800000,0x00000000d5880000)
 ParOldGen       total 100864K, used 100640K [0x0000000080000000, 0x0000000086280000, 0x00000000d5580000)
  object space 100864K, 99% used [0x0000000080000000,0x00000000862481a0,0x0000000086280000)
 Metaspace       used 62491K, committed 63936K, reserved 1114112K
  class space    used 7287K, committed 7872K, reserved 1048576K

Card table byte_map: [0x0000021c59840000,0x0000021c59c50000] _byte_map_base: 0x0000021c59440000

Marking Bits: (ParMarkBitMap*) 0x00007fff8f023450
 Begin Bits: [0x0000021c6c350000, 0x0000021c6e350000)
 End Bits:   [0x0000021c6e350000, 0x0000021c70350000)

Polling page: 0x0000021c57f60000

Metaspace:

Usage:
  Non-class:     53.91 MB used.
      Class:      7.12 MB used.
       Both:     61.03 MB used.

Virtual space:
  Non-class space:       64.00 MB reserved,      54.75 MB ( 86%) committed,  1 nodes.
      Class space:        1.00 GB reserved,       7.69 MB ( <1%) committed,  1 nodes.
             Both:        1.06 GB reserved,      62.44 MB (  6%) committed. 

Chunk freelists:
   Non-Class:  8.78 MB
       Class:  8.31 MB
        Both:  17.10 MB

MaxMetaspaceSize: unlimited
CompressedClassSpaceSize: 1.00 GB
Initial GC threshold: 21.00 MB
Current GC threshold: 97.31 MB
CDS: on
 - commit_granule_bytes: 65536.
 - commit_granule_words: 8192.
 - virtual_space_node_default_size: 8388608.
 - enlarge_chunks_in_place: 1.
 - use_allocation_guard: 0.


Internal statistics:

num_allocs_failed_limit: 11.
num_arena_births: 1204.
num_arena_deaths: 14.
num_vsnodes_births: 2.
num_vsnodes_deaths: 0.
num_space_committed: 999.
num_space_uncommitted: 0.
num_chunks_returned_to_freelist: 25.
num_chunks_taken_from_freelist: 3929.
num_chunk_merges: 16.
num_chunk_splits: 2523.
num_chunks_enlarged: 1591.
num_inconsistent_stats: 0.

CodeHeap 'non-profiled nmethods': size=119168Kb used=6853Kb max_used=6853Kb free=112314Kb
 bounds [0x0000021c64c40000, 0x0000021c65300000, 0x0000021c6c0a0000]
CodeHeap 'profiled nmethods': size=119104Kb used=20212Kb max_used=20212Kb free=98891Kb
 bounds [0x0000021c5d0a0000, 0x0000021c5e460000, 0x0000021c644f0000]
CodeHeap 'non-nmethods': size=7488Kb used=1392Kb max_used=3181Kb free=6095Kb
 bounds [0x0000021c644f0000, 0x0000021c64860000, 0x0000021c64c40000]
CodeCache: size=245760Kb, used=28457Kb, max_used=30246Kb, free=217300Kb
 total_blobs=10314, nmethods=9614, adapters=605, full_count=0
Compilation: enabled, stopped_count=0, restarted_count=0

Compilation events (20 events):
Event: 1223.673 Thread 0x0000021c59f5e520 10452       3       org.eclipse.core.internal.utils.StringPool::add (50 bytes)
Event: 1223.674 Thread 0x0000021c59f5e520 nmethod 10452 0x0000021c5e45a490 code [0x0000021c5e45a680, 0x0000021c5e45ab50]
Event: 1223.674 Thread 0x0000021c59f4e750 10453       4       org.eclipse.core.internal.utils.StringPool::add (50 bytes)
Event: 1223.674 Thread 0x0000021c59f5e520 10454       3       org.eclipse.core.internal.resources.MarkerSet::shareStrings (57 bytes)
Event: 1223.674 Thread 0x0000021c59f5e520 nmethod 10454 0x0000021c5e45ad10 code [0x0000021c5e45aee0, 0x0000021c5e45b450]
Event: 1223.679 Thread 0x0000021c59f5e520 10457       3       org.eclipse.jdt.ls.core.internal.handlers.ProgressReporterManager$ProgressReporter::sendProgress (78 bytes)
Event: 1223.679 Thread 0x0000021c59f5e520 nmethod 10457 0x0000021c5e45b610 code [0x0000021c5e45b820, 0x0000021c5e45be78]
Event: 1223.685 Thread 0x0000021c59f4e750 nmethod 10453 0x0000021c652e9990 code [0x0000021c652e9be0, 0x0000021c652ea660]
Event: 1223.685 Thread 0x0000021c59f4e750 10456       4       org.eclipse.core.internal.dtree.AbstractDataTreeNode::storeStrings (42 bytes)
Event: 1223.727 Thread 0x0000021c59f4e750 nmethod 10456 0x0000021c652eae90 code [0x0000021c652eb4c0, 0x0000021c652eec40]
Event: 1223.727 Thread 0x0000021c59f4e750 10455       4       org.eclipse.core.internal.dtree.DataTreeNode::storeStrings (28 bytes)
Event: 1223.728 Thread 0x0000021c59f4e750 nmethod 10455 0x0000021c652f0d90 code [0x0000021c652f0f80, 0x0000021c652f1238]
Event: 1225.577 Thread 0x0000021c59f5e520 10458   !   3       java.util.concurrent.locks.AbstractQueuedSynchronizer::reacquire (64 bytes)
Event: 1225.577 Thread 0x0000021c59f5e520 nmethod 10458 0x0000021c5e45c090 code [0x0000021c5e45c260, 0x0000021c5e45c5d0]
Event: 1305.610 Thread 0x0000021c59f5e520 10459       1       org.eclipse.jdt.ls.core.internal.LanguageServerApplication::getParentProcessId (5 bytes)
Event: 1305.610 Thread 0x0000021c59f5e520 nmethod 10459 0x0000021c652f1490 code [0x0000021c652f1620, 0x0000021c652f16e8]
Event: 1315.625 Thread 0x0000021c59f5e520 10460       3       java.util.concurrent.locks.AbstractQueuedSynchronizer$ConditionObject::unlinkCancelledWaiters (91 bytes)
Event: 1315.625 Thread 0x0000021c59f5e520 nmethod 10460 0x0000021c5e45c790 code [0x0000021c5e45c940, 0x0000021c5e45ccd0]
Event: 1645.782 Thread 0x0000021c59f5e520 10461       3       java.util.Optional::get (22 bytes)
Event: 1645.784 Thread 0x0000021c59f5e520 nmethod 10461 0x0000021c5e45ce10 code [0x0000021c5e45cfc0, 0x0000021c5e45d1e0]

GC Heap History (20 events):
Event: 66.334 GC heap before
{Heap before GC invocations=230 (full 3):
 PSYoungGen      total 2560K, used 2464K [0x00000000d5580000, 0x00000000d5900000, 0x0000000100000000)
  eden space 2048K, 99% used [0x00000000d5580000,0x00000000d577fff8,0x00000000d5780000)
  from space 512K, 81% used [0x00000000d5880000,0x00000000d58e8020,0x00000000d5900000)
  to   space 512K, 0% used [0x00000000d5800000,0x00000000d5800000,0x00000000d5880000)
 ParOldGen       total 99840K, used 99622K [0x0000000080000000, 0x0000000086180000, 0x00000000d5580000)
  object space 99840K, 99% used [0x0000000080000000,0x0000000086149870,0x0000000086180000)
 Metaspace       used 62178K, committed 63616K, reserved 1114112K
  class space    used 7269K, committed 7872K, reserved 1048576K
}
Event: 66.335 GC heap after
{Heap after GC invocations=230 (full 3):
 PSYoungGen      total 2560K, used 448K [0x00000000d5580000, 0x00000000d5900000, 0x0000000100000000)
  eden space 2048K, 0% used [0x00000000d5580000,0x00000000d5580000,0x00000000d5780000)
  from space 512K, 87% used [0x00000000d5800000,0x00000000d5870000,0x00000000d5880000)
  to   space 512K, 0% used [0x00000000d5880000,0x00000000d5880000,0x00000000d5900000)
 ParOldGen       total 99840K, used 99803K [0x0000000080000000, 0x0000000086180000, 0x00000000d5580000)
  object space 99840K, 99% used [0x0000000080000000,0x0000000086176d10,0x0000000086180000)
 Metaspace       used 62178K, committed 63616K, reserved 1114112K
  class space    used 7269K, committed 7872K, reserved 1048576K
}
Event: 66.348 GC heap before
{Heap before GC invocations=231 (full 3):
 PSYoungGen      total 2560K, used 2496K [0x00000000d5580000, 0x00000000d5900000, 0x0000000100000000)
  eden space 2048K, 100% used [0x00000000d5580000,0x00000000d5780000,0x00000000d5780000)
  from space 512K, 87% used [0x00000000d5800000,0x00000000d5870000,0x00000000d5880000)
  to   space 512K, 0% used [0x00000000d5880000,0x00000000d5880000,0x00000000d5900000)
 ParOldGen       total 99840K, used 99803K [0x0000000080000000, 0x0000000086180000, 0x00000000d5580000)
  object space 99840K, 99% used [0x0000000080000000,0x0000000086176d10,0x0000000086180000)
 Metaspace       used 62197K, committed 63680K, reserved 1114112K
  class space    used 7269K, committed 7872K, reserved 1048576K
}
Event: 66.349 GC heap after
{Heap after GC invocations=231 (full 3):
 PSYoungGen      total 2560K, used 352K [0x00000000d5580000, 0x00000000d5900000, 0x0000000100000000)
  eden space 2048K, 0% used [0x00000000d5580000,0x00000000d5580000,0x00000000d5780000)
  from space 512K, 68% used [0x00000000d5880000,0x00000000d58d8000,0x00000000d5900000)
  to   space 512K, 0% used [0x00000000d5800000,0x00000000d5800000,0x00000000d5880000)
 ParOldGen       total 100352K, used 99907K [0x0000000080000000, 0x0000000086200000, 0x00000000d5580000)
  object space 100352K, 99% used [0x0000000080000000,0x0000000086190d10,0x0000000086200000)
 Metaspace       used 62197K, committed 63680K, reserved 1114112K
  class space    used 7269K, committed 7872K, reserved 1048576K
}
Event: 66.357 GC heap before
{Heap before GC invocations=232 (full 3):
 PSYoungGen      total 2560K, used 2278K [0x00000000d5580000, 0x00000000d5900000, 0x0000000100000000)
  eden space 2048K, 94% used [0x00000000d5580000,0x00000000d5761940,0x00000000d5780000)
  from space 512K, 68% used [0x00000000d5880000,0x00000000d58d8000,0x00000000d5900000)
  to   space 512K, 0% used [0x00000000d5800000,0x00000000d5800000,0x00000000d5880000)
 ParOldGen       total 100352K, used 99907K [0x0000000080000000, 0x0000000086200000, 0x00000000d5580000)
  object space 100352K, 99% used [0x0000000080000000,0x0000000086190d10,0x0000000086200000)
 Metaspace       used 62230K, committed 63680K, reserved 1114112K
  class space    used 7270K, committed 7872K, reserved 1048576K
}
Event: 66.357 GC heap after
{Heap after GC invocations=232 (full 3):
 PSYoungGen      total 2560K, used 481K [0x00000000d5580000, 0x00000000d5900000, 0x0000000100000000)
  eden space 2048K, 0% used [0x00000000d5580000,0x00000000d5580000,0x00000000d5780000)
  from space 512K, 93% used [0x00000000d5800000,0x00000000d58784d8,0x00000000d5880000)
  to   space 512K, 0% used [0x00000000d5880000,0x00000000d5880000,0x00000000d5900000)
 ParOldGen       total 100352K, used 100091K [0x0000000080000000, 0x0000000086200000, 0x00000000d5580000)
  object space 100352K, 99% used [0x0000000080000000,0x00000000861bed20,0x0000000086200000)
 Metaspace       used 62230K, committed 63680K, reserved 1114112K
  class space    used 7270K, committed 7872K, reserved 1048576K
}
Event: 66.378 GC heap before
{Heap before GC invocations=233 (full 3):
 PSYoungGen      total 2560K, used 2529K [0x00000000d5580000, 0x00000000d5900000, 0x0000000100000000)
  eden space 2048K, 100% used [0x00000000d5580000,0x00000000d5780000,0x00000000d5780000)
  from space 512K, 93% used [0x00000000d5800000,0x00000000d58784d8,0x00000000d5880000)
  to   space 512K, 0% used [0x00000000d5880000,0x00000000d5880000,0x00000000d5900000)
 ParOldGen       total 100352K, used 100091K [0x0000000080000000, 0x0000000086200000, 0x00000000d5580000)
  object space 100352K, 99% used [0x0000000080000000,0x00000000861bed20,0x0000000086200000)
 Metaspace       used 62261K, committed 63744K, reserved 1114112K
  class space    used 7270K, committed 7872K, reserved 1048576K
}
Event: 66.378 GC heap after
{Heap after GC invocations=233 (full 3):
 PSYoungGen      total 2560K, used 320K [0x00000000d5580000, 0x00000000d5900000, 0x0000000100000000)
  eden space 2048K, 0% used [0x00000000d5580000,0x00000000d5580000,0x00000000d5780000)
  from space 512K, 62% used [0x00000000d5880000,0x00000000d58d0000,0x00000000d5900000)
  to   space 512K, 0% used [0x00000000d5800000,0x00000000d5800000,0x00000000d5880000)
 ParOldGen       total 100352K, used 100193K [0x0000000080000000, 0x0000000086200000, 0x00000000d5580000)
  object space 100352K, 99% used [0x0000000080000000,0x00000000861d8760,0x0000000086200000)
 Metaspace       used 62261K, committed 63744K, reserved 1114112K
  class space    used 7270K, committed 7872K, reserved 1048576K
}
Event: 66.396 GC heap before
{Heap before GC invocations=234 (full 3):
 PSYoungGen      total 2560K, used 2368K [0x00000000d5580000, 0x00000000d5900000, 0x0000000100000000)
  eden space 2048K, 100% used [0x00000000d5580000,0x00000000d5780000,0x00000000d5780000)
  from space 512K, 62% used [0x00000000d5880000,0x00000000d58d0000,0x00000000d5900000)
  to   space 512K, 0% used [0x00000000d5800000,0x00000000d5800000,0x00000000d5880000)
 ParOldGen       total 100352K, used 100193K [0x0000000080000000, 0x0000000086200000, 0x00000000d5580000)
  object space 100352K, 99% used [0x0000000080000000,0x00000000861d8760,0x0000000086200000)
 Metaspace       used 62281K, committed 63744K, reserved 1114112K
  class space    used 7275K, committed 7872K, reserved 1048576K
}
Event: 66.396 GC heap after
{Heap after GC invocations=234 (full 3):
 PSYoungGen      total 2560K, used 352K [0x00000000d5580000, 0x00000000d5900000, 0x0000000100000000)
  eden space 2048K, 0% used [0x00000000d5580000,0x00000000d5580000,0x00000000d5780000)
  from space 512K, 68% used [0x00000000d5800000,0x00000000d5858000,0x00000000d5880000)
  to   space 512K, 0% used [0x00000000d5880000,0x00000000d5880000,0x00000000d5900000)
 ParOldGen       total 100352K, used 100289K [0x0000000080000000, 0x0000000086200000, 0x00000000d5580000)
  object space 100352K, 99% used [0x0000000080000000,0x00000000861f0760,0x0000000086200000)
 Metaspace       used 62281K, committed 63744K, reserved 1114112K
  class space    used 7275K, committed 7872K, reserved 1048576K
}
Event: 66.412 GC heap before
{Heap before GC invocations=235 (full 3):
 PSYoungGen      total 2560K, used 2400K [0x00000000d5580000, 0x00000000d5900000, 0x0000000100000000)
  eden space 2048K, 100% used [0x00000000d5580000,0x00000000d5780000,0x00000000d5780000)
  from space 512K, 68% used [0x00000000d5800000,0x00000000d5858000,0x00000000d5880000)
  to   space 512K, 0% used [0x00000000d5880000,0x00000000d5880000,0x00000000d5900000)
 ParOldGen       total 100352K, used 100289K [0x0000000080000000, 0x0000000086200000, 0x00000000d5580000)
  object space 100352K, 99% used [0x0000000080000000,0x00000000861f0760,0x0000000086200000)
 Metaspace       used 62321K, committed 63744K, reserved 1114112K
  class space    used 7277K, committed 7872K, reserved 1048576K
}
Event: 66.412 GC heap after
{Heap after GC invocations=235 (full 3):
 PSYoungGen      total 2560K, used 288K [0x00000000d5580000, 0x00000000d5900000, 0x0000000100000000)
  eden space 2048K, 0% used [0x00000000d5580000,0x00000000d5580000,0x00000000d5780000)
  from space 512K, 56% used [0x00000000d5880000,0x00000000d58c8000,0x00000000d5900000)
  to   space 512K, 0% used [0x00000000d5800000,0x00000000d5800000,0x00000000d5880000)
 ParOldGen       total 100864K, used 100384K [0x0000000080000000, 0x0000000086280000, 0x00000000d5580000)
  object space 100864K, 99% used [0x0000000080000000,0x00000000862081a0,0x0000000086280000)
 Metaspace       used 62321K, committed 63744K, reserved 1114112K
  class space    used 7277K, committed 7872K, reserved 1048576K
}
Event: 66.454 GC heap before
{Heap before GC invocations=236 (full 3):
 PSYoungGen      total 2560K, used 2336K [0x00000000d5580000, 0x00000000d5900000, 0x0000000100000000)
  eden space 2048K, 100% used [0x00000000d5580000,0x00000000d5780000,0x00000000d5780000)
  from space 512K, 56% used [0x00000000d5880000,0x00000000d58c8000,0x00000000d5900000)
  to   space 512K, 0% used [0x00000000d5800000,0x00000000d5800000,0x00000000d5880000)
 ParOldGen       total 100864K, used 100384K [0x0000000080000000, 0x0000000086280000, 0x00000000d5580000)
  object space 100864K, 99% used [0x0000000080000000,0x00000000862081a0,0x0000000086280000)
 Metaspace       used 62350K, committed 63744K, reserved 1114112K
  class space    used 7277K, committed 7872K, reserved 1048576K
}
Event: 66.455 GC heap after
{Heap after GC invocations=236 (full 3):
 PSYoungGen      total 2560K, used 256K [0x00000000d5580000, 0x00000000d5900000, 0x0000000100000000)
  eden space 2048K, 0% used [0x00000000d5580000,0x00000000d5580000,0x00000000d5780000)
  from space 512K, 50% used [0x00000000d5800000,0x00000000d5840000,0x00000000d5880000)
  to   space 512K, 0% used [0x00000000d5880000,0x00000000d5880000,0x00000000d5900000)
 ParOldGen       total 100864K, used 100456K [0x0000000080000000, 0x0000000086280000, 0x00000000d5580000)
  object space 100864K, 99% used [0x0000000080000000,0x000000008621a1a0,0x0000000086280000)
 Metaspace       used 62350K, committed 63744K, reserved 1114112K
  class space    used 7277K, committed 7872K, reserved 1048576K
}
Event: 66.488 GC heap before
{Heap before GC invocations=237 (full 3):
 PSYoungGen      total 2560K, used 2304K [0x00000000d5580000, 0x00000000d5900000, 0x0000000100000000)
  eden space 2048K, 100% used [0x00000000d5580000,0x00000000d5780000,0x00000000d5780000)
  from space 512K, 50% used [0x00000000d5800000,0x00000000d5840000,0x00000000d5880000)
  to   space 512K, 0% used [0x00000000d5880000,0x00000000d5880000,0x00000000d5900000)
 ParOldGen       total 100864K, used 100456K [0x0000000080000000, 0x0000000086280000, 0x00000000d5580000)
  object space 100864K, 99% used [0x0000000080000000,0x000000008621a1a0,0x0000000086280000)
 Metaspace       used 62362K, committed 63808K, reserved 1114112K
  class space    used 7277K, committed 7872K, reserved 1048576K
}
Event: 66.489 GC heap after
{Heap after GC invocations=237 (full 3):
 PSYoungGen      total 2560K, used 352K [0x00000000d5580000, 0x00000000d5900000, 0x0000000100000000)
  eden space 2048K, 0% used [0x00000000d5580000,0x00000000d5580000,0x00000000d5780000)
  from space 512K, 68% used [0x00000000d5880000,0x00000000d58d8000,0x00000000d5900000)
  to   space 512K, 0% used [0x00000000d5800000,0x00000000d5800000,0x00000000d5880000)
 ParOldGen       total 100864K, used 100520K [0x0000000080000000, 0x0000000086280000, 0x00000000d5580000)
  object space 100864K, 99% used [0x0000000080000000,0x000000008622a1a0,0x0000000086280000)
 Metaspace       used 62362K, committed 63808K, reserved 1114112K
  class space    used 7277K, committed 7872K, reserved 1048576K
}
Event: 66.519 GC heap before
{Heap before GC invocations=238 (full 3):
 PSYoungGen      total 2560K, used 2400K [0x00000000d5580000, 0x00000000d5900000, 0x0000000100000000)
  eden space 2048K, 100% used [0x00000000d5580000,0x00000000d5780000,0x00000000d5780000)
  from space 512K, 68% used [0x00000000d5880000,0x00000000d58d8000,0x00000000d5900000)
  to   space 512K, 0% used [0x00000000d5800000,0x00000000d5800000,0x00000000d5880000)
 ParOldGen       total 100864K, used 100520K [0x0000000080000000, 0x0000000086280000, 0x00000000d5580000)
  object space 100864K, 99% used [0x0000000080000000,0x000000008622a1a0,0x0000000086280000)
 Metaspace       used 62375K, committed 63808K, reserved 1114112K
  class space    used 7277K, committed 7872K, reserved 1048576K
}
Event: 66.520 GC heap after
{Heap after GC invocations=238 (full 3):
 PSYoungGen      total 2560K, used 352K [0x00000000d5580000, 0x00000000d5900000, 0x0000000100000000)
  eden space 2048K, 0% used [0x00000000d5580000,0x00000000d5580000,0x00000000d5780000)
  from space 512K, 68% used [0x00000000d5800000,0x00000000d5858000,0x00000000d5880000)
  to   space 512K, 0% used [0x00000000d5880000,0x00000000d5880000,0x00000000d5900000)
 ParOldGen       total 100864K, used 100576K [0x0000000080000000, 0x0000000086280000, 0x00000000d5580000)
  object space 100864K, 99% used [0x0000000080000000,0x00000000862381a0,0x0000000086280000)
 Metaspace       used 62375K, committed 63808K, reserved 1114112K
  class space    used 7277K, committed 7872K, reserved 1048576K
}
Event: 1223.674 GC heap before
{Heap before GC invocations=239 (full 3):
 PSYoungGen      total 2560K, used 2400K [0x00000000d5580000, 0x00000000d5900000, 0x0000000100000000)
  eden space 2048K, 100% used [0x00000000d5580000,0x00000000d5780000,0x00000000d5780000)
  from space 512K, 68% used [0x00000000d5800000,0x00000000d5858000,0x00000000d5880000)
  to   space 512K, 0% used [0x00000000d5880000,0x00000000d5880000,0x00000000d5900000)
 ParOldGen       total 100864K, used 100576K [0x0000000080000000, 0x0000000086280000, 0x00000000d5580000)
  object space 100864K, 99% used [0x0000000080000000,0x00000000862381a0,0x0000000086280000)
 Metaspace       used 62488K, committed 63936K, reserved 1114112K
  class space    used 7287K, committed 7872K, reserved 1048576K
}
Event: 1223.679 GC heap after
{Heap after GC invocations=239 (full 3):
 PSYoungGen      total 2560K, used 352K [0x00000000d5580000, 0x00000000d5900000, 0x0000000100000000)
  eden space 2048K, 0% used [0x00000000d5580000,0x00000000d5580000,0x00000000d5780000)
  from space 512K, 68% used [0x00000000d5880000,0x00000000d58d8000,0x00000000d5900000)
  to   space 512K, 0% used [0x00000000d5800000,0x00000000d5800000,0x00000000d5880000)
 ParOldGen       total 100864K, used 100640K [0x0000000080000000, 0x0000000086280000, 0x00000000d5580000)
  object space 100864K, 99% used [0x0000000080000000,0x00000000862481a0,0x0000000086280000)
 Metaspace       used 62488K, committed 63936K, reserved 1114112K
  class space    used 7287K, committed 7872K, reserved 1048576K
}

Dll operation events (15 events):
Event: 0.010 Loaded shared library c:\Users\Dhiya\.antigravity\extensions\redhat.java-1.53.0-win32-x64\jre\21.0.10-win32-x86_64\bin\java.dll
Event: 0.064 Loaded shared library c:\Users\Dhiya\.antigravity\extensions\redhat.java-1.53.0-win32-x64\jre\21.0.10-win32-x86_64\bin\zip.dll
Event: 0.093 Loaded shared library C:\Users\Dhiya\.antigravity\extensions\redhat.java-1.53.0-win32-x64\jre\21.0.10-win32-x86_64\bin\instrument.dll
Event: 0.097 Loaded shared library C:\Users\Dhiya\.antigravity\extensions\redhat.java-1.53.0-win32-x64\jre\21.0.10-win32-x86_64\bin\net.dll
Event: 0.098 Loaded shared library C:\Users\Dhiya\.antigravity\extensions\redhat.java-1.53.0-win32-x64\jre\21.0.10-win32-x86_64\bin\nio.dll
Event: 0.101 Loaded shared library C:\Users\Dhiya\.antigravity\extensions\redhat.java-1.53.0-win32-x64\jre\21.0.10-win32-x86_64\bin\zip.dll
Event: 0.116 Loaded shared library C:\Users\Dhiya\.antigravity\extensions\redhat.java-1.53.0-win32-x64\jre\21.0.10-win32-x86_64\bin\jimage.dll
Event: 0.202 Loaded shared library c:\Users\Dhiya\.antigravity\extensions\redhat.java-1.53.0-win32-x64\jre\21.0.10-win32-x86_64\bin\verify.dll
Event: 14.518 Loaded shared library C:\Users\Dhiya\AppData\Roaming\Antigravity\User\globalStorage\redhat.java\1.53.0\config_win\org.eclipse.equinox.launcher\org.eclipse.equinox.launcher.win32.win32.x86_64_1.3.0.v20260203-2149\eclipse_11919.dll
Event: 23.169 Loaded shared library C:\Users\Dhiya\AppData\Local\Temp\jna-2130541\jna3391705206806951488.dll
Event: 38.777 Loaded shared library C:\Users\Dhiya\.gradle\native\1def1411415f61bf3af743bc5b6707747c0891f09f0c88961ee8f79bc544acac\windows-amd64\native-platform.dll
Event: 48.098 Loaded shared library C:\Users\Dhiya\.antigravity\extensions\redhat.java-1.53.0-win32-x64\jre\21.0.10-win32-x86_64\bin\management.dll
Event: 48.100 Loaded shared library C:\Users\Dhiya\.antigravity\extensions\redhat.java-1.53.0-win32-x64\jre\21.0.10-win32-x86_64\bin\management_ext.dll
Event: 48.579 Loaded shared library C:\Users\Dhiya\.antigravity\extensions\redhat.java-1.53.0-win32-x64\jre\21.0.10-win32-x86_64\bin\extnet.dll
Event: 48.689 Loaded shared library C:\Users\Dhiya\.antigravity\extensions\redhat.java-1.53.0-win32-x64\jre\21.0.10-win32-x86_64\bin\sunmscapi.dll

Deoptimization events (20 events):
Event: 66.510 Thread 0x0000021c79a1dbf0 Uncommon trap: trap_request=0xffffff3d fr.pc=0x0000021c65074c50 relative=0x00000000000000b0
Event: 66.510 Thread 0x0000021c79a1dbf0 Uncommon trap: reason=unstable_fused_if action=reinterpret pc=0x0000021c65074c50 method=org.eclipse.core.internal.jobs.InternalJob.getState()I @ 10 c2
Event: 66.510 Thread 0x0000021c79a1dbf0 DEOPT PACKING pc=0x0000021c65074c50 sp=0x00000051d37fe450
Event: 66.510 Thread 0x0000021c79a1dbf0 DEOPT UNPACKING pc=0x0000021c64543aa2 sp=0x00000051d37fe3e0 mode 2
Event: 845.154 Thread 0x0000021c7afc1ff0 DEOPT PACKING pc=0x0000021c5d7eaace sp=0x00000051d34feb70
Event: 845.154 Thread 0x0000021c7afc1ff0 DEOPT UNPACKING pc=0x0000021c64544242 sp=0x00000051d34fe0f0 mode 0
Event: 848.750 Thread 0x0000021c7afc1ff0 DEOPT PACKING pc=0x0000021c5db00abb sp=0x00000051d34fe760
Event: 848.750 Thread 0x0000021c7afc1ff0 DEOPT UNPACKING pc=0x0000021c64544242 sp=0x00000051d34fdc98 mode 0
Event: 1223.673 Thread 0x0000021c736fbdc0 Uncommon trap: trap_request=0xffffff45 fr.pc=0x0000021c652d9578 relative=0x0000000000001d78
Event: 1223.673 Thread 0x0000021c736fbdc0 Uncommon trap: reason=unstable_if action=reinterpret pc=0x0000021c652d9578 method=org.eclipse.core.internal.utils.StringPool.add(Ljava/lang/String;)Ljava/lang/String; @ 1 c2
Event: 1223.673 Thread 0x0000021c736fbdc0 DEOPT PACKING pc=0x0000021c652d9578 sp=0x00000051d19fee80
Event: 1223.673 Thread 0x0000021c736fbdc0 DEOPT UNPACKING pc=0x0000021c64543aa2 sp=0x00000051d19fedd8 mode 2
Event: 1223.673 Thread 0x0000021c736fbdc0 Uncommon trap: trap_request=0xffffff45 fr.pc=0x0000021c652d56f0 relative=0x0000000000001cf0
Event: 1223.673 Thread 0x0000021c736fbdc0 Uncommon trap: reason=unstable_if action=reinterpret pc=0x0000021c652d56f0 method=org.eclipse.core.internal.utils.StringPool.add(Ljava/lang/String;)Ljava/lang/String; @ 1 c2
Event: 1223.673 Thread 0x0000021c736fbdc0 DEOPT PACKING pc=0x0000021c652d56f0 sp=0x00000051d19fee30
Event: 1223.673 Thread 0x0000021c736fbdc0 DEOPT UNPACKING pc=0x0000021c64543aa2 sp=0x00000051d19fedd8 mode 2
Event: 1223.673 Thread 0x0000021c736fbdc0 Uncommon trap: trap_request=0xffffff45 fr.pc=0x0000021c652d2d44 relative=0x00000000000009e4
Event: 1223.673 Thread 0x0000021c736fbdc0 Uncommon trap: reason=unstable_if action=reinterpret pc=0x0000021c652d2d44 method=org.eclipse.core.internal.utils.StringPool.add(Ljava/lang/String;)Ljava/lang/String; @ 1 c2
Event: 1223.673 Thread 0x0000021c736fbdc0 DEOPT PACKING pc=0x0000021c652d2d44 sp=0x00000051d19fee00
Event: 1223.673 Thread 0x0000021c736fbdc0 DEOPT UNPACKING pc=0x0000021c64543aa2 sp=0x00000051d19fedd8 mode 2

Classes loaded (20 events):
Event: 65.794 Loading class java/util/ArrayDeque$DeqSpliterator
Event: 65.794 Loading class java/util/ArrayDeque$DeqSpliterator done
Event: 65.799 Loading class java/util/AbstractList$RandomAccessSubList
Event: 65.799 Loading class java/util/AbstractList$SubList
Event: 65.799 Loading class java/util/AbstractList$SubList done
Event: 65.800 Loading class java/util/AbstractList$RandomAccessSubList done
Event: 65.800 Loading class java/util/AbstractList$SubList$1
Event: 65.800 Loading class java/util/AbstractList$SubList$1 done
Event: 65.954 Loading class java/nio/channels/Channels$ReadableByteChannelImpl
Event: 65.954 Loading class java/nio/channels/Channels$ReadableByteChannelImpl done
Event: 65.955 Loading class java/nio/channels/NonWritableChannelException
Event: 65.955 Loading class java/nio/channels/NonWritableChannelException done
Event: 66.026 Loading class java/lang/invoke/MethodHandleImpl$CountingWrapper$1
Event: 66.027 Loading class java/lang/invoke/MethodHandleImpl$CountingWrapper$1 done
Event: 66.287 Loading class java/util/stream/DistinctOps
Event: 66.288 Loading class java/util/stream/DistinctOps done
Event: 66.288 Loading class java/util/stream/DistinctOps$1
Event: 66.288 Loading class java/util/stream/DistinctOps$1 done
Event: 66.294 Loading class java/util/stream/DistinctOps$1$2
Event: 66.294 Loading class java/util/stream/DistinctOps$1$2 done

Classes unloaded (7 events):
Event: 23.941 Thread 0x0000021c59f40930 Unloading class 0x0000021c011a5000 'java/lang/invoke/LambdaForm$MH+0x0000021c011a5000'
Event: 23.941 Thread 0x0000021c59f40930 Unloading class 0x0000021c011a4c00 'java/lang/invoke/LambdaForm$MH+0x0000021c011a4c00'
Event: 23.941 Thread 0x0000021c59f40930 Unloading class 0x0000021c011a4800 'java/lang/invoke/LambdaForm$MH+0x0000021c011a4800'
Event: 23.941 Thread 0x0000021c59f40930 Unloading class 0x0000021c011a4400 'java/lang/invoke/LambdaForm$MH+0x0000021c011a4400'
Event: 23.941 Thread 0x0000021c59f40930 Unloading class 0x0000021c011a4000 'java/lang/invoke/LambdaForm$BMH+0x0000021c011a4000'
Event: 23.941 Thread 0x0000021c59f40930 Unloading class 0x0000021c011a3c00 'java/lang/invoke/LambdaForm$DMH+0x0000021c011a3c00'
Event: 23.941 Thread 0x0000021c59f40930 Unloading class 0x0000021c011a2800 'java/lang/invoke/LambdaForm$DMH+0x0000021c011a2800'

Classes redefined (0 events):
No events

Internal exceptions (20 events):
Event: 66.495 Thread 0x0000021c79a1dbf0 Exception <a 'sun/nio/fs/WindowsException'{0x00000000d55e2f00}> (0x00000000d55e2f00) 
thrown [s\src\hotspot\share\prims\jni.cpp, line 520]
Event: 66.496 Thread 0x0000021c79a1dbf0 Exception <a 'sun/nio/fs/WindowsException'{0x00000000d55e40d0}> (0x00000000d55e40d0) 
thrown [s\src\hotspot\share\prims\jni.cpp, line 520]
Event: 66.496 Thread 0x0000021c79a1dbf0 Exception <a 'sun/nio/fs/WindowsException'{0x00000000d55e4a58}> (0x00000000d55e4a58) 
thrown [s\src\hotspot\share\prims\jni.cpp, line 520]
Event: 66.497 Thread 0x0000021c79a1dbf0 Exception <a 'sun/nio/fs/WindowsException'{0x00000000d55e6378}> (0x00000000d55e6378) 
thrown [s\src\hotspot\share\prims\jni.cpp, line 520]
Event: 66.497 Thread 0x0000021c79a1dbf0 Exception <a 'sun/nio/fs/WindowsException'{0x00000000d55e6d00}> (0x00000000d55e6d00) 
thrown [s\src\hotspot\share\prims\jni.cpp, line 520]
Event: 66.505 Thread 0x0000021c79a1dbf0 Exception <a 'sun/nio/fs/WindowsException'{0x00000000d56b7570}> (0x00000000d56b7570) 
thrown [s\src\hotspot\share\prims\jni.cpp, line 520]
Event: 66.505 Thread 0x0000021c79a1dbf0 Exception <a 'sun/nio/fs/WindowsException'{0x00000000d56b7ef8}> (0x00000000d56b7ef8) 
thrown [s\src\hotspot\share\prims\jni.cpp, line 520]
Event: 66.505 Thread 0x0000021c79a1dbf0 Exception <a 'sun/nio/fs/WindowsException'{0x00000000d56b8e80}> (0x00000000d56b8e80) 
thrown [s\src\hotspot\share\prims\jni.cpp, line 520]
Event: 66.505 Thread 0x0000021c79a1dbf0 Exception <a 'sun/nio/fs/WindowsException'{0x00000000d56b9808}> (0x00000000d56b9808) 
thrown [s\src\hotspot\share\prims\jni.cpp, line 520]
Event: 66.506 Thread 0x0000021c79a1dbf0 Exception <a 'sun/nio/fs/WindowsException'{0x00000000d56bb128}> (0x00000000d56bb128) 
thrown [s\src\hotspot\share\prims\jni.cpp, line 520]
Event: 66.506 Thread 0x0000021c79a1dbf0 Exception <a 'sun/nio/fs/WindowsException'{0x00000000d56bbab0}> (0x00000000d56bbab0) 
thrown [s\src\hotspot\share\prims\jni.cpp, line 520]
Event: 66.517 Thread 0x0000021c79a1dbf0 Exception <a 'sun/nio/fs/WindowsException'{0x00000000d5766838}> (0x00000000d5766838) 
thrown [s\src\hotspot\share\prims\jni.cpp, line 520]
Event: 66.517 Thread 0x0000021c79a1dbf0 Exception <a 'sun/nio/fs/WindowsException'{0x00000000d57671c0}> (0x00000000d57671c0) 
thrown [s\src\hotspot\share\prims\jni.cpp, line 520]
Event: 66.517 Thread 0x0000021c79a1dbf0 Exception <a 'sun/nio/fs/WindowsException'{0x00000000d5768148}> (0x00000000d5768148) 
thrown [s\src\hotspot\share\prims\jni.cpp, line 520]
Event: 66.517 Thread 0x0000021c79a1dbf0 Exception <a 'sun/nio/fs/WindowsException'{0x00000000d5768ad0}> (0x00000000d5768ad0) 
thrown [s\src\hotspot\share\prims\jni.cpp, line 520]
Event: 66.518 Thread 0x0000021c79a1dbf0 Exception <a 'sun/nio/fs/WindowsException'{0x00000000d576a3f0}> (0x00000000d576a3f0) 
thrown [s\src\hotspot\share\prims\jni.cpp, line 520]
Event: 66.518 Thread 0x0000021c79a1dbf0 Exception <a 'sun/nio/fs/WindowsException'{0x00000000d576ad78}> (0x00000000d576ad78) 
thrown [s\src\hotspot\share\prims\jni.cpp, line 520]
Event: 1223.673 Thread 0x0000021c736fbdc0 Implicit null exception at 0x0000021c652d784e to 0x0000021c652d9560
Event: 1223.673 Thread 0x0000021c736fbdc0 Implicit null exception at 0x0000021c652d3a4e to 0x0000021c652d56dc
Event: 1223.673 Thread 0x0000021c736fbdc0 Implicit null exception at 0x0000021c652d23a3 to 0x0000021c652d2d34

ZGC Phase Switch (0 events):
No events

VM Operations (20 events):
Event: 1262.450 Executing non-safepoint VM operation: HandshakeAllThreads (HandshakeForDeflation)
Event: 1262.450 Executing non-safepoint VM operation: HandshakeAllThreads (HandshakeForDeflation) done
Event: 1262.450 Executing non-safepoint VM operation: RendezvousGCThreads
Event: 1262.450 Executing non-safepoint VM operation: RendezvousGCThreads done
Event: 1322.521 Executing non-safepoint VM operation: HandshakeAllThreads (HandshakeForDeflation)
Event: 1322.521 Executing non-safepoint VM operation: HandshakeAllThreads (HandshakeForDeflation) done
Event: 1322.521 Executing non-safepoint VM operation: RendezvousGCThreads
Event: 1322.521 Executing non-safepoint VM operation: RendezvousGCThreads done
Event: 1442.813 Executing non-safepoint VM operation: HandshakeAllThreads (HandshakeForDeflation)
Event: 1442.813 Executing non-safepoint VM operation: HandshakeAllThreads (HandshakeForDeflation) done
Event: 1442.813 Executing non-safepoint VM operation: RendezvousGCThreads
Event: 1442.813 Executing non-safepoint VM operation: RendezvousGCThreads done
Event: 1563.147 Executing non-safepoint VM operation: HandshakeAllThreads (HandshakeForDeflation)
Event: 1563.147 Executing non-safepoint VM operation: HandshakeAllThreads (HandshakeForDeflation) done
Event: 1563.147 Executing non-safepoint VM operation: RendezvousGCThreads
Event: 1563.147 Executing non-safepoint VM operation: RendezvousGCThreads done
Event: 1623.301 Executing non-safepoint VM operation: HandshakeAllThreads (HandshakeForDeflation)
Event: 1623.301 Executing non-safepoint VM operation: HandshakeAllThreads (HandshakeForDeflation) done
Event: 1623.301 Executing non-safepoint VM operation: RendezvousGCThreads
Event: 1623.301 Executing non-safepoint VM operation: RendezvousGCThreads done

Memory protections (0 events):
No events

Nmethod flushes (20 events):
Event: 64.279 Thread 0x0000021c59f40930 flushing  nmethod 0x0000021c5da85a90
Event: 64.279 Thread 0x0000021c59f40930 flushing  nmethod 0x0000021c5da9ea90
Event: 64.279 Thread 0x0000021c59f40930 flushing  nmethod 0x0000021c5daa0b10
Event: 64.279 Thread 0x0000021c59f40930 flushing  nmethod 0x0000021c5daa2810
Event: 64.279 Thread 0x0000021c59f40930 flushing  nmethod 0x0000021c5dab7710
Event: 64.279 Thread 0x0000021c59f40930 flushing  nmethod 0x0000021c5dac6790
Event: 64.279 Thread 0x0000021c59f40930 flushing  nmethod 0x0000021c5dae1f90
Event: 64.279 Thread 0x0000021c59f40930 flushing  nmethod 0x0000021c5dae2d10
Event: 64.279 Thread 0x0000021c59f40930 flushing  nmethod 0x0000021c5dae3690
Event: 64.279 Thread 0x0000021c59f40930 flushing  nmethod 0x0000021c5dae4b90
Event: 64.279 Thread 0x0000021c59f40930 flushing  nmethod 0x0000021c5dae6310
Event: 64.279 Thread 0x0000021c59f40930 flushing  nmethod 0x0000021c5dae7010
Event: 64.279 Thread 0x0000021c59f40930 flushing  nmethod 0x0000021c5dafe790
Event: 64.279 Thread 0x0000021c59f40930 flushing  nmethod 0x0000021c5db00290
Event: 64.279 Thread 0x0000021c59f40930 flushing  nmethod 0x0000021c5db01b90
Event: 64.279 Thread 0x0000021c59f40930 flushing  nmethod 0x0000021c5db0f810
Event: 64.279 Thread 0x0000021c59f40930 flushing  nmethod 0x0000021c5db0ff10
Event: 64.279 Thread 0x0000021c59f40930 flushing  nmethod 0x0000021c5db11890
Event: 64.279 Thread 0x0000021c59f40930 flushing  nmethod 0x0000021c5dbe6e10
Event: 64.279 Thread 0x0000021c59f40930 flushing  nmethod 0x0000021c5dbe7110

Events (20 events):
Event: 126.533 Thread 0x0000021c7afc12d0 Thread exited: 0x0000021c7afc12d0
Event: 126.533 Thread 0x0000021c79a1dbf0 Thread exited: 0x0000021c79a1dbf0
Event: 186.541 Thread 0x0000021c7cdacfc0 Thread exited: 0x0000021c7cdacfc0
Event: 246.549 Thread 0x0000021c79a1c840 Thread exited: 0x0000021c79a1c840
Event: 306.549 Thread 0x0000021c79a1b490 Thread exited: 0x0000021c79a1b490
Event: 323.626 Thread 0x0000021c59f4e750 Thread added: 0x0000021c78bfe6a0
Event: 328.654 Thread 0x0000021c78bfe6a0 Thread exited: 0x0000021c78bfe6a0
Event: 366.550 Thread 0x0000021c79a1e280 Thread exited: 0x0000021c79a1e280
Event: 426.553 Thread 0x0000021c7afc1960 Thread exited: 0x0000021c7afc1960
Event: 486.565 Thread 0x0000021c79a1bb20 Thread exited: 0x0000021c79a1bb20
Event: 546.570 Thread 0x0000021c79a1ced0 Thread exited: 0x0000021c79a1ced0
Event: 606.574 Thread 0x0000021c7cdadce0 Thread exited: 0x0000021c7cdadce0
Event: 666.575 Thread 0x0000021c7cdad650 Thread exited: 0x0000021c7cdad650
Event: 726.582 Thread 0x0000021c7cdaf090 Thread exited: 0x0000021c7cdaf090
Event: 786.588 Thread 0x0000021c79a1e910 Thread exited: 0x0000021c79a1e910
Event: 845.160 Thread 0x0000021c59f4e750 Thread added: 0x0000021c78bfe6a0
Event: 846.588 Thread 0x0000021c7cdac930 Thread exited: 0x0000021c7cdac930
Event: 848.749 Thread 0x0000021c78bfe6a0 Thread exited: 0x0000021c78bfe6a0
Event: 906.588 Thread 0x0000021c79a1c1b0 Thread exited: 0x0000021c79a1c1b0
Event: 966.598 Thread 0x0000021c79a1d560 Thread exited: 0x0000021c79a1d560


Dynamic libraries:
0x00007ff791e30000 - 0x00007ff791e3e000 	c:\Users\Dhiya\.antigravity\extensions\redhat.java-1.53.0-win32-x64\jre\21.0.10-win32-x86_64\bin\java.exe
0x00007ff852ca0000 - 0x00007ff852f07000 	C:\WINDOWS\SYSTEM32\ntdll.dll
0x00007ff851c30000 - 0x00007ff851cf9000 	C:\WINDOWS\System32\KERNEL32.DLL
0x00007ff850640000 - 0x00007ff850a31000 	C:\WINDOWS\System32\KERNELBASE.dll
0x00007ff8502b0000 - 0x00007ff8503fb000 	C:\WINDOWS\System32\ucrtbase.dll
0x00007ff833ab0000 - 0x00007ff833ac8000 	c:\Users\Dhiya\.antigravity\extensions\redhat.java-1.53.0-win32-x64\jre\21.0.10-win32-x86_64\bin\jli.dll
0x00007ff8409f0000 - 0x00007ff840a0e000 	c:\Users\Dhiya\.antigravity\extensions\redhat.java-1.53.0-win32-x64\jre\21.0.10-win32-x86_64\bin\VCRUNTIME140.dll
0x00007ff852a90000 - 0x00007ff852c55000 	C:\WINDOWS\System32\USER32.dll
0x00007ff8501d0000 - 0x00007ff8501f7000 	C:\WINDOWS\System32\win32u.dll
0x00007ff834f20000 - 0x00007ff8351b3000 	C:\WINDOWS\WinSxS\amd64_microsoft.windows.common-controls_6595b64144ccf1df_6.0.26100.8037_none_3e092faae333b53b\COMCTL32.dll
0x00007ff852540000 - 0x00007ff85256b000 	C:\WINDOWS\System32\GDI32.dll
0x00007ff84f610000 - 0x00007ff84f73b000 	C:\WINDOWS\System32\gdi32full.dll
0x00007ff84ffb0000 - 0x00007ff850053000 	C:\WINDOWS\System32\msvcp_win.dll
0x00007ff850a40000 - 0x00007ff850ae9000 	C:\WINDOWS\System32\msvcrt.dll
0x00007ff851bf0000 - 0x00007ff851c21000 	C:\WINDOWS\System32\IMM32.DLL
0x00007ff8339c0000 - 0x00007ff8339cc000 	c:\Users\Dhiya\.antigravity\extensions\redhat.java-1.53.0-win32-x64\jre\21.0.10-win32-x86_64\bin\vcruntime140_1.dll
0x00007fffbd0a0000 - 0x00007fffbd12d000 	c:\Users\Dhiya\.antigravity\extensions\redhat.java-1.53.0-win32-x64\jre\21.0.10-win32-x86_64\bin\msvcp140.dll
0x00007fff8e360000 - 0x00007fff8f101000 	c:\Users\Dhiya\.antigravity\extensions\redhat.java-1.53.0-win32-x64\jre\21.0.10-win32-x86_64\bin\server\jvm.dll
0x00007ff852910000 - 0x00007ff8529cb000 	C:\WINDOWS\System32\ADVAPI32.dll
0x00007ff8529e0000 - 0x00007ff852a87000 	C:\WINDOWS\System32\sechost.dll
0x00007ff850e40000 - 0x00007ff850f58000 	C:\WINDOWS\System32\RPCRT4.dll
0x00007ff851d70000 - 0x00007ff851de4000 	C:\WINDOWS\System32\WS2_32.dll
0x00007ff84ef70000 - 0x00007ff84efce000 	C:\WINDOWS\SYSTEM32\POWRPROF.dll
0x00007ff849310000 - 0x00007ff849345000 	C:\WINDOWS\SYSTEM32\WINMM.dll
0x00007ff845c80000 - 0x00007ff845c8b000 	C:\WINDOWS\SYSTEM32\VERSION.dll
0x00007ff84ee50000 - 0x00007ff84ee64000 	C:\WINDOWS\SYSTEM32\UMPDC.dll
0x00007ff84e310000 - 0x00007ff84e32b000 	C:\WINDOWS\SYSTEM32\kernel.appcore.dll
0x00007ff8339b0000 - 0x00007ff8339ba000 	c:\Users\Dhiya\.antigravity\extensions\redhat.java-1.53.0-win32-x64\jre\21.0.10-win32-x86_64\bin\jimage.dll
0x00007ff84d370000 - 0x00007ff84d5b2000 	C:\WINDOWS\SYSTEM32\DBGHELP.DLL
0x00007ff852570000 - 0x00007ff8528f2000 	C:\WINDOWS\System32\combase.dll
0x00007ff851930000 - 0x00007ff851a07000 	C:\WINDOWS\System32\OLEAUT32.dll
0x00007ff81b6b0000 - 0x00007ff81b6eb000 	C:\WINDOWS\SYSTEM32\dbgcore.DLL
0x00007ff850200000 - 0x00007ff8502a5000 	C:\WINDOWS\System32\bcryptPrimitives.dll
0x00007ff833aa0000 - 0x00007ff833aaf000 	c:\Users\Dhiya\.antigravity\extensions\redhat.java-1.53.0-win32-x64\jre\21.0.10-win32-x86_64\bin\instrument.dll
0x00007ff827060000 - 0x00007ff827080000 	c:\Users\Dhiya\.antigravity\extensions\redhat.java-1.53.0-win32-x64\jre\21.0.10-win32-x86_64\bin\java.dll
0x00007ff8510c0000 - 0x00007ff85181f000 	C:\WINDOWS\System32\SHELL32.dll
0x00007ff850060000 - 0x00007ff8501ca000 	C:\WINDOWS\System32\wintypes.dll
0x00007ff84f740000 - 0x00007ff84ffa4000 	C:\WINDOWS\System32\windows.storage.dll
0x00007ff851830000 - 0x00007ff851927000 	C:\WINDOWS\System32\SHCORE.dll
0x00007ff850c20000 - 0x00007ff850c87000 	C:\WINDOWS\System32\shlwapi.dll
0x00007ff84f4a0000 - 0x00007ff84f4c9000 	C:\WINDOWS\SYSTEM32\profapi.dll
0x00007ff811a80000 - 0x00007ff811a98000 	c:\Users\Dhiya\.antigravity\extensions\redhat.java-1.53.0-win32-x64\jre\21.0.10-win32-x86_64\bin\zip.dll
0x00007ff833a90000 - 0x00007ff833aa0000 	C:\Users\Dhiya\.antigravity\extensions\redhat.java-1.53.0-win32-x64\jre\21.0.10-win32-x86_64\bin\net.dll
0x00007ff846db0000 - 0x00007ff846ed7000 	C:\WINDOWS\SYSTEM32\WINHTTP.dll
0x00007ff84e880000 - 0x00007ff84e8eb000 	C:\WINDOWS\system32\mswsock.dll
0x00007ff80a690000 - 0x00007ff80a6a6000 	C:\Users\Dhiya\.antigravity\extensions\redhat.java-1.53.0-win32-x64\jre\21.0.10-win32-x86_64\bin\nio.dll
0x00007ff819e90000 - 0x00007ff819ea0000 	c:\Users\Dhiya\.antigravity\extensions\redhat.java-1.53.0-win32-x64\jre\21.0.10-win32-x86_64\bin\verify.dll
0x00007fffe0d80000 - 0x00007fffe0dc5000 	C:\Users\Dhiya\AppData\Roaming\Antigravity\User\globalStorage\redhat.java\1.53.0\config_win\org.eclipse.equinox.launcher\org.eclipse.equinox.launcher.win32.win32.x86_64_1.3.0.v20260203-2149\eclipse_11919.dll
0x00007ff850c90000 - 0x00007ff850e25000 	C:\WINDOWS\System32\ole32.dll
0x00007ff84eb60000 - 0x00007ff84eb7b000 	C:\WINDOWS\SYSTEM32\CRYPTSP.dll
0x00007ff84e270000 - 0x00007ff84e2a9000 	C:\WINDOWS\system32\rsaenh.dll
0x00007ff84e930000 - 0x00007ff84e962000 	C:\WINDOWS\SYSTEM32\USERENV.dll
0x00007ff84f470000 - 0x00007ff84f49a000 	C:\WINDOWS\SYSTEM32\bcrypt.dll
0x00007ff84eb80000 - 0x00007ff84eb8c000 	C:\WINDOWS\SYSTEM32\CRYPTBASE.dll
0x00007ff84dce0000 - 0x00007ff84dd13000 	C:\WINDOWS\SYSTEM32\IPHLPAPI.DLL
0x00007ff8529d0000 - 0x00007ff8529da000 	C:\WINDOWS\System32\NSI.dll
0x00007fffba610000 - 0x00007fffba659000 	C:\Users\Dhiya\AppData\Local\Temp\jna-2130541\jna3391705206806951488.dll
0x00007ff851eb0000 - 0x00007ff851eb8000 	C:\WINDOWS\System32\PSAPI.DLL
0x00007ff846300000 - 0x00007ff84631d000 	C:\WINDOWS\SYSTEM32\dhcpcsvc6.DLL
0x00007ff8462d0000 - 0x00007ff8462f3000 	C:\WINDOWS\SYSTEM32\dhcpcsvc.DLL
0x00007ff848680000 - 0x00007ff8486a7000 	C:\Users\Dhiya\.gradle\native\1def1411415f61bf3af743bc5b6707747c0891f09f0c88961ee8f79bc544acac\windows-amd64\native-platform.dll
0x00007ff819b90000 - 0x00007ff819b9a000 	C:\Users\Dhiya\.antigravity\extensions\redhat.java-1.53.0-win32-x64\jre\21.0.10-win32-x86_64\bin\management.dll
0x00007ff80d7d0000 - 0x00007ff80d7dc000 	C:\Users\Dhiya\.antigravity\extensions\redhat.java-1.53.0-win32-x64\jre\21.0.10-win32-x86_64\bin\management_ext.dll
0x00007ff806800000 - 0x00007ff806809000 	C:\Users\Dhiya\.antigravity\extensions\redhat.java-1.53.0-win32-x64\jre\21.0.10-win32-x86_64\bin\extnet.dll
0x00007ff809a40000 - 0x00007ff809a4e000 	C:\Users\Dhiya\.antigravity\extensions\redhat.java-1.53.0-win32-x64\jre\21.0.10-win32-x86_64\bin\sunmscapi.dll
0x00007ff850400000 - 0x00007ff850577000 	C:\WINDOWS\System32\CRYPT32.dll
0x00007ff84ee10000 - 0x00007ff84ee40000 	C:\WINDOWS\SYSTEM32\ncrypt.dll
0x00007ff84edc0000 - 0x00007ff84edff000 	C:\WINDOWS\SYSTEM32\NTASN1.dll
0x00007ff834ab0000 - 0x00007ff834ab8000 	C:\WINDOWS\system32\wshunix.dll

JVMTI agents:
c:\Users\Dhiya\.antigravity\extensions\redhat.java-1.53.0-win32-x64\lombok\lombok-1.18.39-4050.jar path:c:\Users\Dhiya\.antigravity\extensions\redhat.java-1.53.0-win32-x64\jre\21.0.10-win32-x86_64\bin\instrument.dll, loaded, initialized, instrumentlib options:none

dbghelp: loaded successfully - version: 4.0.5 - missing functions: none
symbol engine: initialized successfully - sym options: 0x614 - pdb path: .;c:\Users\Dhiya\.antigravity\extensions\redhat.java-1.53.0-win32-x64\jre\21.0.10-win32-x86_64\bin;C:\WINDOWS\SYSTEM32;C:\WINDOWS\WinSxS\amd64_microsoft.windows.common-controls_6595b64144ccf1df_6.0.26100.8037_none_3e092faae333b53b;c:\Users\Dhiya\.antigravity\extensions\redhat.java-1.53.0-win32-x64\jre\21.0.10-win32-x86_64\bin\server;C:\Users\Dhiya\AppData\Roaming\Antigravity\User\globalStorage\redhat.java\1.53.0\config_win\org.eclipse.equinox.launcher\org.eclipse.equinox.launcher.win32.win32.x86_64_1.3.0.v20260203-2149;C:\Users\Dhiya\AppData\Local\Temp\jna-2130541;C:\Users\Dhiya\.gradle\native\1def1411415f61bf3af743bc5b6707747c0891f09f0c88961ee8f79bc544acac\windows-amd64

VM Arguments:
jvm_args: --add-modules=ALL-SYSTEM --add-opens=java.base/java.util=ALL-UNNAMED --add-opens=java.base/java.lang=ALL-UNNAMED --add-opens=java.base/sun.nio.fs=ALL-UNNAMED -Declipse.application=org.eclipse.jdt.ls.core.id1 -Dosgi.bundles.defaultStartLevel=4 -Declipse.product=org.eclipse.jdt.ls.core.product -Djava.import.generatesMetadataFilesAtProjectRoot=false -DDetectVMInstallationsJob.disabled=true -Dfile.encoding=utf8 -XX:+UseParallelGC -XX:GCTimeRatio=4 -XX:AdaptiveSizePolicyWeight=90 -Dsun.zip.disableMemoryMapping=true -Xmx2G -Xms100m -Xlog:disable -javaagent:c:\Users\Dhiya\.antigravity\extensions\redhat.java-1.53.0-win32-x64\lombok\lombok-1.18.39-4050.jar -XX:+HeapDumpOnOutOfMemoryError -XX:HeapDumpPath=c:\Users\Dhiya\AppData\Roaming\Antigravity\User\workspaceStorage\e5318a306dfc7ca7eca801648065eabc\redhat.java -Daether.dependencyCollector.impl=bf 
java_command: c:\Users\Dhiya\.antigravity\extensions\redhat.java-1.53.0-win32-x64\server\plugins\org.eclipse.equinox.launcher_1.7.100.v20251111-0406.jar -configuration c:\Users\Dhiya\AppData\Roaming\Antigravity\User\globalStorage\redhat.java\1.53.0\config_win -data c:\Users\Dhiya\AppData\Roaming\Antigravity\User\workspaceStorage\e5318a306dfc7ca7eca801648065eabc\redhat.java\jdt_ws --pipe=\\.\pipe\lsp-d7fb93e560c78ef4a3ab159e04193a53-sock
java_class_path (initial): c:\Users\Dhiya\.antigravity\extensions\redhat.java-1.53.0-win32-x64\server\plugins\org.eclipse.equinox.launcher_1.7.100.v20251111-0406.jar
Launcher Type: SUN_STANDARD

[Global flags]
    uintx AdaptiveSizePolicyWeight                 = 90                                        {product} {command line}
     intx CICompilerCount                          = 12                                        {product} {ergonomic}
    uintx GCTimeRatio                              = 4                                         {product} {command line}
     bool HeapDumpOnOutOfMemoryError               = true                                   {manageable} {command line}
    ccstr HeapDumpPath                             = c:\Users\Dhiya\AppData\Roaming\Antigravity\User\workspaceStorage\e5318a306dfc7ca7eca801648065eabc\redhat.java         {manageable} {command line}
   size_t InitialHeapSize                          = 104857600                                 {product} {command line}
   size_t MaxHeapSize                              = 2147483648                                {product} {command line}
   size_t MaxNewSize                               = 715653120                                 {product} {ergonomic}
   size_t MinHeapDeltaBytes                        = 524288                                    {product} {ergonomic}
   size_t MinHeapSize                              = 104857600                                 {product} {command line}
   size_t NewSize                                  = 34603008                                  {product} {ergonomic}
    uintx NonNMethodCodeHeapSize                   = 7602480                                {pd product} {ergonomic}
    uintx NonProfiledCodeHeapSize                  = 122027880                              {pd product} {ergonomic}
   size_t OldSize                                  = 70254592                                  {product} {ergonomic}
    uintx ProfiledCodeHeapSize                     = 122027880                              {pd product} {ergonomic}
    uintx ReservedCodeCacheSize                    = 251658240                              {pd product} {ergonomic}
     bool SegmentedCodeCache                       = true                                      {product} {ergonomic}
   size_t SoftMaxHeapSize                          = 2147483648                             {manageable} {ergonomic}
     bool UseCompressedOops                        = true                           {product lp64_product} {ergonomic}
     bool UseLargePagesIndividualAllocation        = false                                  {pd product} {ergonomic}
     bool UseParallelGC                            = true                                      {product} {command line}

Logging:
Log output configuration:
 #0: stdout all=off uptime,level,tags foldmultilines=false
 #1: stderr all=off uptime,level,tags foldmultilines=false

Release file:
JAVA_VERSION="21.0.10" 
MODULES="java.base java.compiler java.datatransfer java.xml java.prefs java.desktop java.instrument java.logging java.management java.security.sasl java.naming java.rmi java.management.rmi java.net.http java.scripting java.security.jgss java.transaction.xa java.sql java.sql.rowset java.xml.crypto java.se java.smartcardio jdk.accessibility jdk.internal.jvmstat jdk.attach jdk.charsets jdk.internal.opt jdk.zipfs jdk.compiler jdk.crypto.ec jdk.crypto.cryptoki jdk.crypto.mscapi jdk.dynalink jdk.internal.ed jdk.editpad jdk.hotspot.agent jdk.httpserver jdk.internal.le jdk.internal.vm.ci jdk.internal.vm.compiler jdk.internal.vm.compiler.management jdk.jartool jdk.javadoc jdk.jcmd jdk.management jdk.management.agent jdk.jconsole jdk.jdeps jdk.jdwp.agent jdk.jdi jdk.jfr jdk.jshell jdk.jsobject jdk.jstatd jdk.localedata jdk.management.jfr jdk.naming.dns jdk.naming.rmi jdk.net jdk.nio.mapmode jdk.random jdk.sctp jdk.security.auth jdk.security.jgss jdk.unsupported jdk.unsupported.desktop jdk.xml.dom" 

Environment Variables:
JAVA_HOME=C:\Program Files\Microsoft\jdk-17.0.15.6-hotspot
PATH=C:\Program Files\Microsoft\jdk-17.0.15.6-hotspot\bin\;C:\Program Files\Common Files\Oracle\Java\javapath;C:\WINDOWS\system32;C:\WINDOWS;C:\WINDOWS\System32\Wbem;C:\WINDOWS\System32\WindowsPowerShell\v1.0\;C:\WINDOWS\System32\OpenSSH\;C:\Program Files (x86)\NVIDIA Corporation\PhysX\Common;C:\Program Files\NVIDIA Corporation\NVIDIA NvDLISR;C:\ProgramData\chocolatey\bin;C:\Program Files\Git\cmd;C:\Program Files\nodejs\;%LOCALAPPDATA%\Android\Sdk\platform-tools;C:\Users\Dhiya\AppData\Local\Programs\Python\Python313;C:\Users\Dhiya\AppData\Local\Programs\Python\Python313\Scripts;C:\Users\Dhiya\AppData\Local\Android\Sdk\platform-tools;C:\Users\Dhiya\AppData\Local\Android\Sdk\tools;C:\Program Files\Microsoft\jdk-17.0.15.6-hotspot\bin;C:\Program Files\Microsoft\jdk-17.0.15.6-hotspot\bin\;C:\Program Files\Common Files\Oracle\Java\javapath;C:\WINDOWS\system32;C:\WINDOWS;C:\WINDOWS\System32\Wbem;C:\WINDOWS\System32\WindowsPowerShell\v1.0\;C:\WINDOWS\System32\OpenSSH\;C:\Program Files (x86)\NVIDIA Corporation\PhysX\Common;C:\Program Files\NVIDIA Corporation\NVIDIA NvDLISR;C:\ProgramData\chocolatey\bin;C:\Program Files\Git\cmd;C:\Program Files\nodejs\;%LOCALAPPDATA%\Android\Sdk\platform-tools;C:\Users\Dhiya\AppData\Local\Programs\Python\Python313;C:\Users\Dhiya\AppData\Local\Programs\Python\Python313\Scripts;C:\Users\Dhiya\AppData\Local\Android\Sdk\platform-tools;;C:\Users\Dhiya\AppData\Local\Programs\Microsoft VS Code\bin;C:\Users\Dhiya\AppData\Local\Programs\Antigravity\bin;C:\Users\Dhiya\AppData\Roaming\npm;
USERNAME=Diya
OS=Windows_NT
PROCESSOR_IDENTIFIER=Intel64 Family 6 Model 183 Stepping 1, GenuineIntel
TMP=C:\Users\Dhiya\AppData\Local\Temp
TEMP=C:\Users\Dhiya\AppData\Local\Temp




Periodic native trim disabled

---------------  S Y S T E M  ---------------

OS:
 Windows 11 , 64 bit Build 26100 (10.0.26100.7920)
OS uptime: 2 days 2:50 hours
Hyper-V role detected

CPU: total 16 (initial active 16) (8 cores per cpu, 2 threads per core) family 6 model 183 stepping 1 microcode 0x136, cx8, cmov, fxsr, ht, mmx, 3dnowpref, sse, sse2, sse3, ssse3, sse4.1, sse4.2, popcnt, lzcnt, tsc, tscinvbit, avx, avx2, aes, erms, clmul, bmi1, bmi2, adx, sha, fma, vzeroupper, clflush, clflushopt, clwb, hv, serialize, rdtscp, rdpid, fsrm, f16c, cet_ibt, cet_ss
Processor Information for the first 16 processors :
  Max Mhz: 2400, Current Mhz: 2400, Mhz Limit: 2400

Memory: 4k page, system-wide physical 24283M (2603M free)
TotalPageFile size 60385M (AvailPageFile size 34M)
current process WorkingSet (physical memory assigned to process): 79M, peak: 352M
current process commit charge ("private bytes"): 394M, peak: 448M

vm_info: OpenJDK 64-Bit Server VM (21.0.10+7-LTS) for windows-amd64 JRE (21.0.10+7-LTS), built on 2026-01-20T00:00:00Z by "admin" with MS VC++ 17.12 (VS2022)

END.
